[35m[1mScanning dependencies of target std_msgs_generate_messages_lisp[0m
[35m[1mScanning dependencies of target _state_feedback_generate_messages_check_deps_JointFeedback[0m
[35m[1mScanning dependencies of target std_msgs_generate_messages_nodejs[0m
[35m[1mScanning dependencies of target std_msgs_generate_messages_eus[0m
[35m[1mScanning dependencies of target std_msgs_generate_messages_cpp[0m
[35m[1mScanning dependencies of target std_msgs_generate_messages_py[0m
[  0%] Built target std_msgs_generate_messages_nodejs
[  0%] Built target std_msgs_generate_messages_lisp
[  0%] Built target std_msgs_generate_messages_py
[  0%] Built target std_msgs_generate_messages_eus
[  0%] Built target std_msgs_generate_messages_cpp
[  0%] Built target _state_feedback_generate_messages_check_deps_JointFeedback
[35m[1mScanning dependencies of target state_feedback_generate_messages_lisp[0m
[35m[1mScanning dependencies of target state_feedback_generate_messages_eus[0m
[35m[1mScanning dependencies of target state_feedback_generate_messages_cpp[0m
[35m[1mScanning dependencies of target state_feedback_generate_messages_py[0m
[35m[1mScanning dependencies of target state_feedback_generate_messages_nodejs[0m
[ 28%] [34m[1mGenerating EusLisp code from state_feedback/JointFeedback.msg[0m
[ 28%] [34m[1mGenerating EusLisp manifest code for state_feedback[0m
[ 42%] [34m[1mGenerating Lisp code from state_feedback/JointFeedback.msg[0m
[ 57%] [34m[1mGenerating Python from MSG state_feedback/JointFeedback[0m
[ 71%] [34m[1mGenerating C++ code from state_feedback/JointFeedback.msg[0m
[ 85%] [34m[1mGenerating Javascript code from state_feedback/JointFeedback.msg[0m
[ 85%] Built target state_feedback_generate_messages_lisp
[ 85%] Built target state_feedback_generate_messages_nodejs
WARNING: Package name "AprilTag" does not follow the naming conventions. It should start with a lower case letter and only contain lower case letters, digits, underscores, and dashes.
[100%] [34m[1mGenerating Python msg __init__.py for state_feedback[0m
[100%] Built target state_feedback_generate_messages_cpp
[100%] Built target state_feedback_generate_messages_py
WARNING: Package name "AprilTag" does not follow the naming conventions. It should start with a lower case letter and only contain lower case letters, digits, underscores, and dashes.
[100%] Built target state_feedback_generate_messages_eus
[35m[1mScanning dependencies of target state_feedback_generate_messages[0m
[100%] Built target state_feedback_generate_messages
