Not searching for unused variables given on the command line.
[36m--[0m Using CATKIN_DEVEL_PREFIX: /home/rosie2/dneiman/catkin_ws/devel/.private/AprilTag
[36m--[0m Using CMAKE_PREFIX_PATH: /home/rosie2/dneiman/tagslam_root/devel;/home/rosie2/dneiman/snakeMonster_PGM-master/devel;/home/rosie2/dneiman/daisy_workspace_matt61/devel;/home/rosie2/dneiman/catkin_ws/devel;/home/rosie2/mat6_ws/devel;/home/rosie2/isolate_ws/devel_isolated/multi_dof_joint_trajectory_rviz_plugins;/home/rosie2/isolate_ws/devel_isolated/kindr_rviz_plugins;/home/rosie2/isolate_ws/devel_isolated/kindr_ros;/home/rosie2/isolate_ws/devel_isolated/kindr_msgs;/home/rosie2/titan_ws/devel;/opt/ros/melodic;/home/rosie2/isolate_ws/devel_isolated/kindr
[36m--[0m This workspace overlays: /home/rosie2/dneiman/tagslam_root/devel;/home/rosie2/dneiman/snakeMonster_PGM-master/devel;/home/rosie2/dneiman/daisy_workspace_matt61/devel;/home/rosie2/dneiman/catkin_ws/devel;/home/rosie2/mat6_ws/devel;/home/rosie2/isolate_ws/devel_isolated/multi_dof_joint_trajectory_rviz_plugins;/home/rosie2/isolate_ws/devel_isolated/kindr_rviz_plugins;/home/rosie2/isolate_ws/devel_isolated/kindr_ros;/home/rosie2/isolate_ws/devel_isolated/kindr_msgs;/home/rosie2/titan_ws/devel;/opt/ros/melodic
[36m--[0m Found PythonInterp: /usr/bin/python2 (found suitable version "2.7.17", minimum required is "2")
[36m--[0m Using PYTHON_EXECUTABLE: /usr/bin/python2
[36m--[0m Using Debian Python package layout
[36m--[0m Using empy: /usr/bin/empy
[36m--[0m Using CATKIN_ENABLE_TESTING: ON
[36m--[0m Call enable_testing()
[36m--[0m Using CATKIN_TEST_RESULTS_DIR: /home/rosie2/dneiman/catkin_ws/build/AprilTag/test_results
[36m--[0m Found gtest sources under '/usr/src/googletest': gtests will be built
[36m--[0m Found gmock sources under '/usr/src/googletest': gmock will be built
[36m--[0m Found PythonInterp: /usr/bin/python2 (found version "2.7.17")
[36m--[0m Using Python nosetests: /usr/bin/nosetests-2.7
[36m--[0m catkin 0.7.29
[36m--[0m BUILD_SHARED_LIBS is on
[36m--[0m Configuring done
[36m--[0m Generating done
[36m--[0m Build files have been written to: /home/rosie2/dneiman/catkin_ws/build/AprilTag
