Not searching for unused variables given on the command line.
[36m--[0m The C compiler identification is GNU 7.5.0
[36m--[0m The CXX compiler identification is GNU 7.5.0
[36m--[0m Check for working C compiler: /usr/bin/cc
[36m--[0m Check for working C compiler: /usr/bin/cc -- works
[36m--[0m Detecting C compiler ABI info
[36m--[0m Detecting C compiler ABI info - done
[36m--[0m Detecting C compile features
[36m--[0m Detecting C compile features - done
[36m--[0m Check for working CXX compiler: /usr/bin/c++
[36m--[0m Check for working CXX compiler: /usr/bin/c++ -- works
[36m--[0m Detecting CXX compiler ABI info
[36m--[0m Detecting CXX compiler ABI info - done
[36m--[0m Detecting CXX compile features
[36m--[0m Detecting CXX compile features - done
[36m--[0m Using CATKIN_DEVEL_PREFIX: /home/rosie2/dneiman/catkin_ws/devel/.private/aprilslam
[36m--[0m Using CMAKE_PREFIX_PATH: /home/rosie2/dneiman/snakeMonster_PGM-master/devel;/home/rosie2/dneiman/daisy_workspace_matt61/devel;/home/rosie2/dneiman/catkin_ws/devel;/home/rosie2/mat6_ws/devel;/home/rosie2/isolate_ws/devel_isolated/multi_dof_joint_trajectory_rviz_plugins;/home/rosie2/isolate_ws/devel_isolated/kindr_rviz_plugins;/home/rosie2/isolate_ws/devel_isolated/kindr_ros;/home/rosie2/isolate_ws/devel_isolated/kindr_msgs;/home/rosie2/titan_ws/devel;/opt/ros/melodic;/home/rosie2/isolate_ws/devel_isolated/kindr
[36m--[0m This workspace overlays: /home/rosie2/dneiman/snakeMonster_PGM-master/devel;/home/rosie2/dneiman/daisy_workspace_matt61/devel;/home/rosie2/dneiman/catkin_ws/devel;/home/rosie2/mat6_ws/devel;/home/rosie2/isolate_ws/devel_isolated/multi_dof_joint_trajectory_rviz_plugins;/home/rosie2/isolate_ws/devel_isolated/kindr_rviz_plugins;/home/rosie2/isolate_ws/devel_isolated/kindr_ros;/home/rosie2/isolate_ws/devel_isolated/kindr_msgs;/home/rosie2/titan_ws/devel;/opt/ros/melodic
[36m--[0m Found PythonInterp: /usr/bin/python2 (found suitable version "2.7.17", minimum required is "2")
[36m--[0m Using PYTHON_EXECUTABLE: /usr/bin/python2
[36m--[0m Using Debian Python package layout
[36m--[0m Using empy: /usr/bin/empy
[36m--[0m Using CATKIN_ENABLE_TESTING: ON
[36m--[0m Call enable_testing()
[36m--[0m Using CATKIN_TEST_RESULTS_DIR: /home/rosie2/dneiman/catkin_ws/build/aprilslam/test_results
[36m--[0m Found gtest sources under '/usr/src/googletest': gtests will be built
[36m--[0m Found gmock sources under '/usr/src/googletest': gmock will be built
[36m--[0m Found PythonInterp: /usr/bin/python2 (found version "2.7.17")
[36m--[0m Looking for pthread.h
[36m--[0m Looking for pthread.h - found
[36m--[0m Looking for pthread_create
[36m--[0m Looking for pthread_create - not found
[36m--[0m Looking for pthread_create in pthreads
[36m--[0m Looking for pthread_create in pthreads - not found
[36m--[0m Looking for pthread_create in pthread
[36m--[0m Looking for pthread_create in pthread - found
[36m--[0m Found Threads: TRUE
[36m--[0m Using Python nosetests: /usr/bin/nosetests-2.7
[36m--[0m catkin 0.7.29
[36m--[0m BUILD_SHARED_LIBS is on
[36m--[0m Using these message generators: gencpp;geneus;genlisp;gennodejs;genpy
[36m--[0m Found Gtsam: /usr/local/include
[36m--[0m Found PkgConfig: /usr/bin/pkg-config (found version "0.29.1")
[36m--[0m Checking for module 'eigen3'
[36m--[0m   Found eigen3, version 3.3.4
[33m[1mCMake Warning[0m at /opt/ros/melodic/share/cmake_modules/cmake/Modules/FindEigen.cmake:62 (message):
  The FindEigen.cmake Module in the cmake_modules package is deprecated.

  Please use the FindEigen3.cmake Module provided with Eigen.  Change
  instances of find_package(Eigen) to find_package(Eigen3).  Check the
  FindEigen3.cmake Module for the resulting CMake variable names.

[36mCall Stack (most recent call first):[0m
  CMakeLists.txt:14 (find_package)


[36m--[0m Found Eigen: /usr/include/eigen3
[36m--[0m Eigen found (include: /usr/include/eigen3)
[36m--[0m aprilslam: 2 messages, 0 services
[36m--[0m Configuring done
CMake Warning (dev) at CMakeLists.txt:58 (add_dependencies):
  Policy CMP0046 is not set: Error on non-existent dependency in
  add_dependencies.  Run "cmake --help-policy CMP0046" for policy details.
  Use the cmake_policy command to set the policy and suppress this warning.

  The dependency target "aprilslam_gencfg" of target "aprilslam" does not
  exist.
This warning is for project developers.  Use -Wno-dev to suppress it.

[36m--[0m Generating done
[36m--[0m Build files have been written to: /home/rosie2/dneiman/catkin_ws/build/aprilslam
