Symlinking /home/rosie2/dneiman/catkin_ws/devel/share/gennodejs/ros/aprilslam/_index.js
Symlinking /home/rosie2/dneiman/catkin_ws/devel/share/gennodejs/ros/aprilslam/msg/_index.js
Symlinking /home/rosie2/dneiman/catkin_ws/devel/share/gennodejs/ros/aprilslam/msg/Apriltag.js
Symlinking /home/rosie2/dneiman/catkin_ws/devel/share/gennodejs/ros/aprilslam/msg/Apriltags.js
Symlinking /home/rosie2/dneiman/catkin_ws/devel/share/aprilslam/cmake/aprilslam-msg-extras.cmake
Symlinking /home/rosie2/dneiman/catkin_ws/devel/share/aprilslam/cmake/aprilslamConfig.cmake
Symlinking /home/rosie2/dneiman/catkin_ws/devel/share/aprilslam/cmake/aprilslam-msg-paths.cmake
Symlinking /home/rosie2/dneiman/catkin_ws/devel/share/aprilslam/cmake/aprilslamConfig-version.cmake
Symlinking /home/rosie2/dneiman/catkin_ws/devel/share/roseus/ros/aprilslam/manifest.l
Symlinking /home/rosie2/dneiman/catkin_ws/devel/share/roseus/ros/aprilslam/msg/Apriltag.l
Symlinking /home/rosie2/dneiman/catkin_ws/devel/share/roseus/ros/aprilslam/msg/Apriltags.l
Symlinking /home/rosie2/dneiman/catkin_ws/devel/share/common-lisp/ros/aprilslam/msg/_package_Apriltags.lisp
Symlinking /home/rosie2/dneiman/catkin_ws/devel/share/common-lisp/ros/aprilslam/msg/Apriltags.lisp
Symlinking /home/rosie2/dneiman/catkin_ws/devel/share/common-lisp/ros/aprilslam/msg/Apriltag.lisp
Symlinking /home/rosie2/dneiman/catkin_ws/devel/share/common-lisp/ros/aprilslam/msg/aprilslam-msg.asd
Symlinking /home/rosie2/dneiman/catkin_ws/devel/share/common-lisp/ros/aprilslam/msg/_package_Apriltag.lisp
Symlinking /home/rosie2/dneiman/catkin_ws/devel/share/common-lisp/ros/aprilslam/msg/_package.lisp
Symlinking /home/rosie2/dneiman/catkin_ws/devel/include/aprilslam/Apriltag.h
Symlinking /home/rosie2/dneiman/catkin_ws/devel/include/aprilslam/Apriltags.h
Symlinking /home/rosie2/dneiman/catkin_ws/devel/lib/libaprilslam.so
Symlinking /home/rosie2/dneiman/catkin_ws/devel/lib/python2.7/dist-packages/aprilslam/__init__.py
Symlinking /home/rosie2/dneiman/catkin_ws/devel/lib/python2.7/dist-packages/aprilslam/msg/_Apriltags.py
Symlinking /home/rosie2/dneiman/catkin_ws/devel/lib/python2.7/dist-packages/aprilslam/msg/_Apriltag.py
Symlinking /home/rosie2/dneiman/catkin_ws/devel/lib/python2.7/dist-packages/aprilslam/msg/__init__.py
Symlinking /home/rosie2/dneiman/catkin_ws/devel/lib/aprilslam/detector_node
Symlinking /home/rosie2/dneiman/catkin_ws/devel/lib/aprilslam/mapper_node
Symlinking /home/rosie2/dneiman/catkin_ws/devel/lib/pkgconfig/aprilslam.pc
